<?xml version="1.0" encoding="UTF-8"?>
<testsuite name="it.unibo.devicesAppl.test.ApplTest" tests="1" skipped="0" failures="0" errors="0" timestamp="2016-08-07T07:22:44" hostname="anataliTHINK" time="0.004">
  <properties/>
  <testcase name="testDoJob" classname="it.unibo.devicesAppl.test.ApplTest" time="0.004"/>
  <system-out><![CDATA[	*** testDoJob 
START doJob:device(led(led),GREEN,false)
END doJob:  device(led(led),GREEN,true)
]]></system-out>
  <system-err><![CDATA[]]></system-err>
</testsuite>
