<?xml version="1.0" encoding="UTF-8"?>
<testsuite name="LibraryTest" tests="2" skipped="0" failures="0" errors="0" timestamp="2016-08-05T14:55:42" hostname="anataliTHINK" time="0.014">
  <properties/>
  <testcase name="testGetTermInfo" classname="LibraryTest" time="0.013"/>
  <testcase name="testSomeLibraryMethod" classname="LibraryTest" time="0.0"/>
  <system-out><![CDATA[]]></system-out>
  <system-err><![CDATA[]]></system-err>
</testsuite>
