<?xml version="1.0" encoding="UTF-8"?>
<testsuite name="it.unibo.devices.model.test.DevLedTest" tests="5" skipped="0" failures="0" errors="0" timestamp="2016-09-21T15:37:52" hostname="anataliTHINK" time="0.001">
  <properties/>
  <testcase name="testLedname" classname="it.unibo.devices.model.test.DevLedTest" time="0.0"/>
  <testcase name="testTurn" classname="it.unibo.devices.model.test.DevLedTest" time="0.0"/>
  <testcase name="testSwitch" classname="it.unibo.devices.model.test.DevLedTest" time="0.0"/>
  <testcase name="testLedRep" classname="it.unibo.devices.model.test.DevLedTest" time="0.0"/>
  <testcase name="testGetLedColor" classname="it.unibo.devices.model.test.DevLedTest" time="0.0"/>
  <system-out><![CDATA[	*** testLedRep device(led(l1),GREEN,false)
]]></system-out>
  <system-err><![CDATA[]]></system-err>
</testsuite>
